{"level":"info","message":{"ip":"::1","method":"GET","path":"/customers","requestId":"3a48f824-6b09-4e02-8862-056b807ca6f5"},"timestamp":"2025-12-13T23:49:03.967Z"}
{"level":"info","message":"::1 - - [13/Dec/2025:23:49:04 +0000] \"GET /customers HTTP/1.1\" 200 924 \"-\" \"PostmanRuntime/7.49.1\"","timestamp":"2025-12-13T23:49:04.451Z"}
{"level":"info","message":{"ip":"::1","method":"GET","path":"/users","requestId":"da91a78f-e863-4d4f-98b6-ee3ec0240e8a"},"timestamp":"2025-12-13T23:49:55.416Z"}
{"level":"info","message":"::1 - - [13/Dec/2025:23:49:55 +0000] \"GET /users HTTP/1.1\" 200 1287 \"-\" \"PostmanRuntime/7.49.1\"","timestamp":"2025-12-13T23:49:55.605Z"}
{"level":"info","message":{"ip":"::1","method":"DELETE","path":"/users/2","requestId":"a8d63c88-7757-4e30-bfc6-b2265b0f076d"},"timestamp":"2025-12-13T23:50:22.683Z"}
{"level":"info","message":"::1 - - [13/Dec/2025:23:50:22 +0000] \"DELETE /users/2 HTTP/1.1\" 200 - \"-\" \"PostmanRuntime/7.49.1\"","timestamp":"2025-12-13T23:50:22.852Z"}
{"level":"info","message":{"ip":"::1","method":"DELETE","path":"/users/2","requestId":"2308c326-02a4-4133-bdff-9bc6a25f20fb"},"timestamp":"2025-12-13T23:51:18.881Z"}
{"level":"info","message":"::1 - - [13/Dec/2025:23:51:19 +0000] \"DELETE /users/2 HTTP/1.1\" 404 26 \"-\" \"PostmanRuntime/7.49.1\"","timestamp":"2025-12-13T23:51:19.244Z"}
{"level":"info","message":{"ip":"::1","method":"GET","path":"/health","requestId":"38e21cf2-7e1b-4fbe-91ac-ae384d342c8a"},"timestamp":"2025-12-14T00:15:40.904Z"}
{"level":"info","message":"::1 - - [14/Dec/2025:00:15:40 +0000] \"GET /health HTTP/1.1\" 500 84 \"-\" \"Mozilla/5.0 (Windows NT 10.0; Win64; x64) AppleWebKit/537.36 (KHTML, like Gecko) Chrome/143.0.0.0 Safari/537.36\"","timestamp":"2025-12-14T00:15:40.930Z"}
{"level":"info","message":{"ip":"::1","method":"GET","path":"/favicon.ico","requestId":"b77cffaa-a209-493d-9487-213f2453f377"},"timestamp":"2025-12-14T00:15:40.993Z"}
{"level":"info","message":"::1 - - [14/Dec/2025:00:15:40 +0000] \"GET /favicon.ico HTTP/1.1\" 401 35 \"http://localhost:3000/health\" \"Mozilla/5.0 (Windows NT 10.0; Win64; x64) AppleWebKit/537.36 (KHTML, like Gecko) Chrome/143.0.0.0 Safari/537.36\"","timestamp":"2025-12-14T00:15:40.997Z"}
{"level":"info","message":{"ip":"::1","method":"GET","path":"/health","requestId":"a2a2ce72-614b-46ce-bec2-4417db64a7c8"},"timestamp":"2025-12-14T00:24:53.944Z"}
{"level":"info","message":"::1 - - [14/Dec/2025:00:24:53 +0000] \"GET /health HTTP/1.1\" 503 132 \"-\" \"Mozilla/5.0 (Windows NT 10.0; Win64; x64) AppleWebKit/537.36 (KHTML, like Gecko) Chrome/143.0.0.0 Safari/537.36\"","timestamp":"2025-12-14T00:24:53.966Z"}
{"level":"info","message":{"ip":"::1","method":"GET","path":"/favicon.ico","requestId":"48e3ad7c-bbaf-4d66-bc9b-e991aa660848"},"timestamp":"2025-12-14T00:24:54.036Z"}
{"level":"info","message":"::1 - - [14/Dec/2025:00:24:54 +0000] \"GET /favicon.ico HTTP/1.1\" 401 35 \"http://localhost:3000/health\" \"Mozilla/5.0 (Windows NT 10.0; Win64; x64) AppleWebKit/537.36 (KHTML, like Gecko) Chrome/143.0.0.0 Safari/537.36\"","timestamp":"2025-12-14T00:24:54.041Z"}
{"level":"info","message":{"ip":"::1","method":"GET","path":"/users","requestId":"d6ebc2b0-ccbb-4f64-b9ba-89c40c585f50"},"timestamp":"2025-12-14T00:25:13.189Z"}
{"level":"info","message":"::1 - - [14/Dec/2025:00:25:13 +0000] \"GET /users HTTP/1.1\" 200 1128 \"-\" \"PostmanRuntime/7.49.1\"","timestamp":"2025-12-14T00:25:13.520Z"}
{"level":"info","message":{"ip":"::1","method":"GET","path":"/health","requestId":"8d73f05b-971b-42f0-980c-e93fda6d4975"},"timestamp":"2025-12-14T00:25:17.640Z"}
{"level":"info","message":"::1 - - [14/Dec/2025:00:25:17 +0000] \"GET /health HTTP/1.1\" 503 132 \"-\" \"Mozilla/5.0 (Windows NT 10.0; Win64; x64) AppleWebKit/537.36 (KHTML, like Gecko) Chrome/143.0.0.0 Safari/537.36\"","timestamp":"2025-12-14T00:25:17.643Z"}
{"level":"info","message":{"ip":"::1","method":"GET","path":"/favicon.ico","requestId":"051b67b7-72ba-46f3-b9a9-0ebdc1145150"},"timestamp":"2025-12-14T00:25:17.714Z"}
{"level":"info","message":"::1 - - [14/Dec/2025:00:25:17 +0000] \"GET /favicon.ico HTTP/1.1\" 401 35 \"http://localhost:3000/health\" \"Mozilla/5.0 (Windows NT 10.0; Win64; x64) AppleWebKit/537.36 (KHTML, like Gecko) Chrome/143.0.0.0 Safari/537.36\"","timestamp":"2025-12-14T00:25:17.740Z"}
{"level":"info","message":{"ip":"::1","method":"GET","path":"/health","requestId":"5805ec87-dc1a-4422-b804-75d6b44f6517"},"timestamp":"2025-12-14T00:28:02.580Z"}
{"level":"info","message":"::1 - - [14/Dec/2025:00:28:02 +0000] \"GET /health HTTP/1.1\" 200 126 \"-\" \"Mozilla/5.0 (Windows NT 10.0; Win64; x64) AppleWebKit/537.36 (KHTML, like Gecko) Chrome/143.0.0.0 Safari/537.36\"","timestamp":"2025-12-14T00:28:02.905Z"}
{"level":"info","message":{"ip":"::1","method":"GET","path":"/favicon.ico","requestId":"315d44ea-d304-4fc9-b03d-7cd2d8dad3f5"},"timestamp":"2025-12-14T00:28:02.922Z"}
{"level":"info","message":"::1 - - [14/Dec/2025:00:28:02 +0000] \"GET /favicon.ico HTTP/1.1\" 401 35 \"http://localhost:3000/health\" \"Mozilla/5.0 (Windows NT 10.0; Win64; x64) AppleWebKit/537.36 (KHTML, like Gecko) Chrome/143.0.0.0 Safari/537.36\"","timestamp":"2025-12-14T00:28:02.926Z"}
{"level":"info","message":{"method":"POST","path":"/sessions","requestId":"2f05c6b9-030d-4ae2-b59f-f9e8b7863918","time":"2025-12-15T11:39:45.798Z"},"timestamp":"2025-12-15T11:39:45.801Z"}
{"level":"info","message":"::ffff:127.0.0.1 - - [15/Dec/2025:11:39:45 +0000] \"POST /sessions HTTP/1.1\" 200 237 \"-\" \"-\"","timestamp":"2025-12-15T11:39:45.856Z"}
{"level":"info","message":{"method":"GET","path":"/customers","requestId":"a5db1509-e9b7-4338-93a6-768b96ea0212","time":"2025-12-15T11:39:46.554Z"},"timestamp":"2025-12-15T11:39:46.554Z"}
{"level":"info","message":"::ffff:127.0.0.1 - - [15/Dec/2025:11:39:46 +0000] \"GET /customers HTTP/1.1\" 200 2 \"-\" \"-\"","timestamp":"2025-12-15T11:39:46.575Z"}
{"level":"info","message":{"method":"POST","path":"/customers","requestId":"c9e6c139-a99d-4537-9417-540be1352398","time":"2025-12-15T11:39:46.594Z"},"timestamp":"2025-12-15T11:39:46.595Z"}
{"level":"info","message":"::ffff:127.0.0.1 - - [15/Dec/2025:11:39:46 +0000] \"POST /customers HTTP/1.1\" 200 155 \"-\" \"-\"","timestamp":"2025-12-15T11:39:46.617Z"}
{"level":"info","message":{"method":"GET","path":"/customers","requestId":"0f75ede3-7ddf-4566-9829-683e2c8f161d","time":"2025-12-15T12:33:24.395Z"},"timestamp":"2025-12-15T12:33:24.397Z"}
{"level":"info","message":"::ffff:127.0.0.1 - - [15/Dec/2025:12:33:24 +0000] \"GET /customers HTTP/1.1\" 200 171 \"-\" \"-\"","timestamp":"2025-12-15T12:33:24.435Z"}
{"level":"info","message":{"method":"POST","path":"/customers","requestId":"751a0054-7f3b-47f3-9c7d-904858e79b2d","time":"2025-12-15T12:33:24.470Z"},"timestamp":"2025-12-15T12:33:24.470Z"}
{"level":"info","message":"::ffff:127.0.0.1 - - [15/Dec/2025:12:33:24 +0000] \"POST /customers HTTP/1.1\" 200 155 \"-\" \"-\"","timestamp":"2025-12-15T12:33:24.484Z"}
{"level":"info","message":{"method":"POST","path":"/sessions","requestId":"8788b45b-7a99-4d4a-a2b9-5d9137063f2f","time":"2025-12-15T12:33:26.123Z"},"timestamp":"2025-12-15T12:33:26.123Z"}
{"level":"info","message":"::ffff:127.0.0.1 - - [15/Dec/2025:12:33:26 +0000] \"POST /sessions HTTP/1.1\" 200 237 \"-\" \"-\"","timestamp":"2025-12-15T12:33:26.170Z"}
{"level":"info","message":{"method":"POST","path":"/sessions","requestId":"2b21dfdd-87b4-4405-bcb9-050096411a39","time":"2025-12-15T12:36:05.009Z"},"timestamp":"2025-12-15T12:36:05.011Z"}
{"level":"info","message":"::ffff:127.0.0.1 - - [15/Dec/2025:12:36:05 +0000] \"POST /sessions HTTP/1.1\" 200 237 \"-\" \"-\"","timestamp":"2025-12-15T12:36:05.064Z"}
{"level":"info","message":{"method":"GET","path":"/customers","requestId":"9cbf4728-d4cd-4e78-860f-0baaa13007a3","time":"2025-12-15T12:36:06.516Z"},"timestamp":"2025-12-15T12:36:06.516Z"}
{"level":"info","message":"::ffff:127.0.0.1 - - [15/Dec/2025:12:36:06 +0000] \"GET /customers HTTP/1.1\" 200 2 \"-\" \"-\"","timestamp":"2025-12-15T12:36:06.540Z"}
{"level":"info","message":{"method":"POST","path":"/customers","requestId":"1bd153c4-39c1-404b-88cf-743982daf6f1","time":"2025-12-15T12:36:06.560Z"},"timestamp":"2025-12-15T12:36:06.560Z"}
{"level":"info","message":"::ffff:127.0.0.1 - - [15/Dec/2025:12:36:06 +0000] \"POST /customers HTTP/1.1\" 200 155 \"-\" \"-\"","timestamp":"2025-12-15T12:36:06.573Z"}
{"level":"info","message":{"method":"GET","path":"/customers","requestId":"cdd71bc9-737d-430f-a3c6-d9f1b27570ec","time":"2025-12-15T18:07:06.879Z"},"timestamp":"2025-12-15T18:07:06.882Z"}
{"level":"info","message":"::1 - - [15/Dec/2025:18:07:07 +0000] \"GET /customers HTTP/1.1\" 200 428 \"-\" \"PostmanRuntime/7.49.1\"","timestamp":"2025-12-15T18:07:07.330Z"}
{"level":"info","message":{"method":"GET","path":"/customers","requestId":"589f0b29-c01f-48ac-b35c-3bb062642c9c","time":"2025-12-15T18:07:13.421Z"},"timestamp":"2025-12-15T18:07:13.422Z"}
{"level":"info","message":"::1 - - [15/Dec/2025:18:07:13 +0000] \"GET /customers HTTP/1.1\" 200 428 \"-\" \"PostmanRuntime/7.49.1\"","timestamp":"2025-12-15T18:07:13.434Z"}
{"level":"info","message":{"method":"GET","path":"/customers/2","requestId":"b0dc3933-0e45-46cb-94bf-f702e8e29068","time":"2025-12-15T18:07:23.950Z"},"timestamp":"2025-12-15T18:07:23.950Z"}
{"level":"info","message":"::1 - - [15/Dec/2025:18:07:24 +0000] \"GET /customers/2 HTTP/1.1\" 200 147 \"-\" \"PostmanRuntime/7.49.1\"","timestamp":"2025-12-15T18:07:24.121Z"}
{"level":"info","message":{"method":"GET","path":"/customers/2/contact","requestId":"ff5538da-a28e-4d5f-b561-3556246c1e06","time":"2025-12-15T18:07:40.809Z"},"timestamp":"2025-12-15T18:07:40.809Z"}
{"level":"info","message":"::1 - - [15/Dec/2025:18:07:40 +0000] \"GET /customers/2/contact HTTP/1.1\" 404 158 \"-\" \"PostmanRuntime/7.49.1\"","timestamp":"2025-12-15T18:07:40.818Z"}
{"level":"info","message":{"method":"GET","path":"/customers/2/contacts","requestId":"2272964d-2e39-413d-9ae7-11b3182df221","time":"2025-12-15T18:07:48.381Z"},"timestamp":"2025-12-15T18:07:48.381Z"}
{"level":"info","message":"::1 - - [15/Dec/2025:18:07:48 +0000] \"GET /customers/2/contacts HTTP/1.1\" 200 661 \"-\" \"PostmanRuntime/7.49.1\"","timestamp":"2025-12-15T18:07:48.529Z"}
{"level":"info","message":{"method":"GET","path":"/customers/2/contacts/6","requestId":"5b9145e0-fab4-4fd8-9e6d-e95e77b82753","time":"2025-12-15T18:07:56.371Z"},"timestamp":"2025-12-15T18:07:56.371Z"}
{"level":"info","message":"::1 - - [15/Dec/2025:18:07:56 +0000] \"GET /customers/2/contacts/6 HTTP/1.1\" 200 182 \"-\" \"PostmanRuntime/7.49.1\"","timestamp":"2025-12-15T18:07:56.382Z"}
{"level":"info","message":{"method":"PUT","path":"/customers/2/contacts/6","requestId":"c596dbe9-6ecf-4974-8421-2c162e3e780a","time":"2025-12-15T18:08:21.084Z"},"timestamp":"2025-12-15T18:08:21.084Z"}
{"level":"info","message":"::1 - - [15/Dec/2025:18:08:21 +0000] \"PUT /customers/2/contacts/6 HTTP/1.1\" 200 184 \"-\" \"PostmanRuntime/7.49.1\"","timestamp":"2025-12-15T18:08:21.325Z"}
{"level":"info","message":{"method":"DELETE","path":"/customers/2/contacts/6","requestId":"25c3ccf5-f2f6-41d3-b244-17535185b2f6","time":"2025-12-15T18:08:33.990Z"},"timestamp":"2025-12-15T18:08:33.990Z"}
{"level":"info","message":"::1 - - [15/Dec/2025:18:08:34 +0000] \"DELETE /customers/2/contacts/6 HTTP/1.1\" 204 - \"-\" \"PostmanRuntime/7.49.1\"","timestamp":"2025-12-15T18:08:34.169Z"}
{"level":"info","message":{"method":"POST","path":"/customers/2/contacts","requestId":"d95e5615-1849-4ab4-a41b-32b95f691b15","time":"2025-12-15T18:08:51.856Z"},"timestamp":"2025-12-15T18:08:51.856Z"}
{"level":"info","message":"::1 - - [15/Dec/2025:18:08:52 +0000] \"POST /customers/2/contacts HTTP/1.1\" 201 186 \"-\" \"PostmanRuntime/7.49.1\"","timestamp":"2025-12-15T18:08:52.014Z"}
{"level":"info","message":{"method":"GET","path":"/customers","requestId":"69d72d66-89ce-458c-9430-1bdec78706a3","time":"2025-12-15T18:09:01.413Z"},"timestamp":"2025-12-15T18:09:01.413Z"}
{"level":"info","message":"::1 - - [15/Dec/2025:18:09:01 +0000] \"GET /customers HTTP/1.1\" 200 430 \"-\" \"PostmanRuntime/7.49.1\"","timestamp":"2025-12-15T18:09:01.430Z"}
{"level":"info","message":{"method":"DELETE","path":"/customers/1","requestId":"2811c875-55cf-4bff-b792-bac053e9722f","time":"2025-12-15T18:09:25.115Z"},"timestamp":"2025-12-15T18:09:25.115Z"}
{"level":"info","message":"::1 - - [15/Dec/2025:18:09:25 +0000] \"DELETE /customers/1 HTTP/1.1\" 204 - \"-\" \"PostmanRuntime/7.49.1\"","timestamp":"2025-12-15T18:09:25.248Z"}
{"level":"info","message":{"method":"POST","path":"/customers","requestId":"4576e468-0338-43b4-a0b8-3fe204e15bb9","time":"2025-12-15T18:09:31.731Z"},"timestamp":"2025-12-15T18:09:31.731Z"}
{"level":"info","message":"::1 - - [15/Dec/2025:18:09:31 +0000] \"POST /customers HTTP/1.1\" 201 145 \"-\" \"PostmanRuntime/7.49.1\"","timestamp":"2025-12-15T18:09:31.745Z"}
{"level":"info","message":{"method":"PUT","path":"/customers/16","requestId":"4fcca62d-92f3-43b5-abce-aabcc300bda2","time":"2025-12-15T18:09:48.218Z"},"timestamp":"2025-12-15T18:09:48.218Z"}
{"level":"info","message":"::1 - - [15/Dec/2025:18:09:48 +0000] \"PUT /customers/16 HTTP/1.1\" 200 147 \"-\" \"PostmanRuntime/7.49.1\"","timestamp":"2025-12-15T18:09:48.385Z"}
{"level":"info","message":{"method":"GET","path":"/users","requestId":"0c9a0631-ef44-4c26-8f23-a91cdc21beac","time":"2025-12-15T18:38:39.754Z"},"timestamp":"2025-12-15T18:38:39.757Z"}
{"level":"info","message":"::1 - - [15/Dec/2025:18:38:40 +0000] \"GET /users HTTP/1.1\" 200 1128 \"-\" \"PostmanRuntime/7.49.1\"","timestamp":"2025-12-15T18:38:40.130Z"}
{"level":"info","message":{"method":"GET","path":"/users/5","requestId":"3ecf25d7-6e85-480c-9271-b66871e2c425","time":"2025-12-15T18:38:51.523Z"},"timestamp":"2025-12-15T18:38:51.523Z"}
{"level":"info","message":"::1 - - [15/Dec/2025:18:38:51 +0000] \"GET /users/5 HTTP/1.1\" 200 261 \"-\" \"PostmanRuntime/7.49.1\"","timestamp":"2025-12-15T18:38:51.667Z"}
{"level":"info","message":{"method":"GET","path":"/users/5","requestId":"81394608-e3fa-47ab-a4db-dda36f0af3e9","time":"2025-12-15T18:40:13.318Z"},"timestamp":"2025-12-15T18:40:13.321Z"}
{"level":"info","message":"::1 - - [15/Dec/2025:18:40:13 +0000] \"GET /users/5 HTTP/1.1\" 200 261 \"-\" \"PostmanRuntime/7.49.1\"","timestamp":"2025-12-15T18:40:13.749Z"}
{"level":"info","message":{"method":"GET","path":"/users","requestId":"561b651b-f320-4255-a63d-9cf8e0f7843d","time":"2025-12-15T18:41:24.711Z"},"timestamp":"2025-12-15T18:41:24.714Z"}
{"level":"info","message":"::1 - - [15/Dec/2025:18:41:25 +0000] \"GET /users HTTP/1.1\" 200 1128 \"-\" \"PostmanRuntime/7.49.1\"","timestamp":"2025-12-15T18:41:25.096Z"}
{"level":"info","message":{"method":"GET","path":"/users/5","requestId":"895ec36f-b71b-449a-bd68-4d0696a2c922","time":"2025-12-15T18:41:33.379Z"},"timestamp":"2025-12-15T18:41:33.379Z"}
{"level":"info","message":"::1 - - [15/Dec/2025:18:41:33 +0000] \"GET /users/5 HTTP/1.1\" 200 261 \"-\" \"PostmanRuntime/7.49.1\"","timestamp":"2025-12-15T18:41:33.414Z"}
{"level":"info","message":{"method":"GET","path":"/users/5","requestId":"65481112-f52b-4b5a-84c5-02bc2a63f4d0","time":"2025-12-15T18:42:13.965Z"},"timestamp":"2025-12-15T18:42:13.969Z"}
{"level":"info","message":"::1 - - [15/Dec/2025:18:42:14 +0000] \"GET /users/5 HTTP/1.1\" 200 167 \"-\" \"PostmanRuntime/7.49.1\"","timestamp":"2025-12-15T18:42:14.339Z"}
{"level":"info","message":{"method":"DELETE","path":"/users/5","requestId":"ca2e6ce3-ea0e-4c5e-a018-f9eb69d24d8d","time":"2025-12-15T18:43:09.897Z"},"timestamp":"2025-12-15T18:43:09.897Z"}
{"level":"info","message":"::1 - - [15/Dec/2025:18:43:10 +0000] \"DELETE /users/5 HTTP/1.1\" 204 - \"-\" \"PostmanRuntime/7.49.1\"","timestamp":"2025-12-15T18:43:10.035Z"}
{"level":"info","message":{"method":"POST","path":"/users/5","requestId":"2fb19b06-71d4-4269-a8c8-90b512841f44","time":"2025-12-15T18:43:15.243Z"},"timestamp":"2025-12-15T18:43:15.243Z"}
{"level":"info","message":"::1 - - [15/Dec/2025:18:43:15 +0000] \"POST /users/5 HTTP/1.1\" 404 147 \"-\" \"PostmanRuntime/7.49.1\"","timestamp":"2025-12-15T18:43:15.251Z"}
{"level":"info","message":{"method":"POST","path":"/users","requestId":"c50bd91a-f153-486b-a523-25f098bc3bb8","time":"2025-12-15T18:43:21.117Z"},"timestamp":"2025-12-15T18:43:21.117Z"}
{"level":"info","message":"::1 - - [15/Dec/2025:18:43:21 +0000] \"POST /users HTTP/1.1\" 404 26 \"-\" \"PostmanRuntime/7.49.1\"","timestamp":"2025-12-15T18:43:21.132Z"}
{"level":"info","message":{"method":"POST","path":"/users","requestId":"41b48879-dd63-4872-ac44-997b39a8c760","time":"2025-12-15T18:45:28.499Z"},"timestamp":"2025-12-15T18:45:28.501Z"}
{"level":"info","message":"::1 - - [15/Dec/2025:18:45:28 +0000] \"POST /users HTTP/1.1\" 404 26 \"-\" \"PostmanRuntime/7.49.1\"","timestamp":"2025-12-15T18:45:28.531Z"}
{"level":"info","message":{"method":"POST","path":"/users","requestId":"7a2a1de2-c89c-4e88-b49d-e66d80d531c3","time":"2025-12-15T18:46:35.458Z"},"timestamp":"2025-12-15T18:46:35.461Z"}
{"level":"info","message":"::1 - - [15/Dec/2025:18:46:35 +0000] \"POST /users HTTP/1.1\" 404 26 \"-\" \"PostmanRuntime/7.49.1\"","timestamp":"2025-12-15T18:46:35.497Z"}
{"level":"info","message":{"method":"POST","path":"/users","requestId":"71b6c2c8-f651-4753-8da8-f915692ab457","time":"2025-12-15T18:47:37.711Z"},"timestamp":"2025-12-15T18:47:37.714Z"}
{"level":"info","message":"::1 - - [15/Dec/2025:18:47:37 +0000] \"POST /users HTTP/1.1\" 404 26 \"-\" \"PostmanRuntime/7.49.1\"","timestamp":"2025-12-15T18:47:37.748Z"}
{"level":"info","message":{"method":"POST","path":"/users","requestId":"7239ff0e-83b7-4bf1-bf94-da424f385902","time":"2025-12-15T18:47:53.409Z"},"timestamp":"2025-12-15T18:47:53.412Z"}
{"level":"info","message":"::1 - - [15/Dec/2025:18:47:53 +0000] \"POST /users HTTP/1.1\" 404 26 \"-\" \"PostmanRuntime/7.49.1\"","timestamp":"2025-12-15T18:47:53.465Z"}
{"level":"info","message":{"method":"POST","path":"/users","requestId":"8ec6f7f2-8a41-45ac-b3cb-682ee618f902","time":"2025-12-15T18:48:56.370Z"},"timestamp":"2025-12-15T18:48:56.374Z"}
{"level":"info","message":"::1 - - [15/Dec/2025:18:48:56 +0000] \"POST /users HTTP/1.1\" 201 270 \"-\" \"PostmanRuntime/7.49.1\"","timestamp":"2025-12-15T18:48:56.920Z"}
{"level":"info","message":{"method":"PUT","path":"/users","requestId":"b8ffda2e-4c76-433b-aa92-e25994e4fcca","time":"2025-12-15T18:49:24.937Z"},"timestamp":"2025-12-15T18:49:24.937Z"}
{"level":"info","message":"::1 - - [15/Dec/2025:18:49:24 +0000] \"PUT /users HTTP/1.1\" 404 144 \"-\" \"PostmanRuntime/7.49.1\"","timestamp":"2025-12-15T18:49:24.952Z"}
{"level":"info","message":{"method":"GET","path":"/users","requestId":"e0b0c322-3310-4465-b012-85e057ed0e0f","time":"2025-12-15T18:49:32.070Z"},"timestamp":"2025-12-15T18:49:32.070Z"}
{"level":"info","message":"::1 - - [15/Dec/2025:18:49:32 +0000] \"GET /users HTTP/1.1\" 200 1129 \"-\" \"PostmanRuntime/7.49.1\"","timestamp":"2025-12-15T18:49:32.234Z"}
{"level":"info","message":{"method":"PUT","path":"/users/13","requestId":"8f60c2d1-7e84-43a0-94ef-f1b6648f6e99","time":"2025-12-15T18:49:43.445Z"},"timestamp":"2025-12-15T18:49:43.445Z"}
{"level":"info","message":"::1 - - [15/Dec/2025:18:49:43 +0000] \"PUT /users/13 HTTP/1.1\" 200 178 \"-\" \"PostmanRuntime/7.49.1\"","timestamp":"2025-12-15T18:49:43.648Z"}
{"level":"info","message":{"method":"DELETE","path":"/users/13","requestId":"7a39d2bd-f0ef-4555-9ef9-de20a5ebe60d","time":"2025-12-15T18:51:35.794Z"},"timestamp":"2025-12-15T18:51:35.798Z"}
{"level":"info","message":"::1 - - [15/Dec/2025:18:51:36 +0000] \"DELETE /users/13 HTTP/1.1\" 204 - \"-\" \"PostmanRuntime/7.49.1\"","timestamp":"2025-12-15T18:51:36.162Z"}
{"level":"info","message":{"method":"POST","path":"/users","requestId":"430975e6-28da-488a-ad3e-c4945b91dc7e","time":"2025-12-15T18:51:41.239Z"},"timestamp":"2025-12-15T18:51:41.239Z"}
{"level":"info","message":"::1 - - [15/Dec/2025:18:51:41 +0000] \"POST /users HTTP/1.1\" 201 154 \"-\" \"PostmanRuntime/7.49.1\"","timestamp":"2025-12-15T18:51:41.389Z"}
{"level":"info","message":{"method":"DELETE","path":"/users/14","requestId":"987a41f8-3aa4-48f7-83dd-394ab9fe4f59","time":"2025-12-15T18:54:56.158Z"},"timestamp":"2025-12-15T18:54:56.161Z"}
{"level":"info","message":"::1 - - [15/Dec/2025:18:54:56 +0000] \"DELETE /users/14 HTTP/1.1\" 204 - \"-\" \"PostmanRuntime/7.49.1\"","timestamp":"2025-12-15T18:54:56.640Z"}
{"level":"info","message":{"method":"POST","path":"/users","requestId":"d38dd7a4-fce0-4867-9768-a74ddacee9d7","time":"2025-12-15T18:55:03.400Z"},"timestamp":"2025-12-15T18:55:03.400Z"}
{"level":"info","message":"::1 - - [15/Dec/2025:18:55:03 +0000] \"POST /users HTTP/1.1\" 201 154 \"-\" \"PostmanRuntime/7.49.1\"","timestamp":"2025-12-15T18:55:03.548Z"}
{"level":"info","message":{"method":"DELETE","path":"/users/15","requestId":"af209f0c-01e0-4f12-89d3-9150f78eb27d","time":"2025-12-15T18:57:15.960Z"},"timestamp":"2025-12-15T18:57:15.963Z"}
{"level":"info","message":"::1 - - [15/Dec/2025:18:57:16 +0000] \"DELETE /users/15 HTTP/1.1\" 204 - \"-\" \"PostmanRuntime/7.49.1\"","timestamp":"2025-12-15T18:57:16.485Z"}
{"level":"info","message":{"method":"POST","path":"/users","requestId":"ff28f080-8fa2-4e00-825b-a2101503f951","time":"2025-12-15T18:57:22.497Z"},"timestamp":"2025-12-15T18:57:22.497Z"}
{"level":"info","message":"::1 - - [15/Dec/2025:18:57:22 +0000] \"POST /users HTTP/1.1\" 201 154 \"-\" \"PostmanRuntime/7.49.1\"","timestamp":"2025-12-15T18:57:22.657Z"}
{"level":"info","message":{"method":"DELETE","path":"/users/15","requestId":"108d559d-c7e8-422a-8f40-8cb10f395869","time":"2025-12-15T18:58:27.289Z"},"timestamp":"2025-12-15T18:58:27.291Z"}
{"level":"info","message":"::1 - - [15/Dec/2025:18:58:27 +0000] \"DELETE /users/15 HTTP/1.1\" 404 26 \"-\" \"PostmanRuntime/7.49.1\"","timestamp":"2025-12-15T18:58:27.615Z"}
{"level":"info","message":{"method":"DELETE","path":"/users/16","requestId":"bfef2cf5-c260-48ef-982f-a34c742eced5","time":"2025-12-15T18:58:35.418Z"},"timestamp":"2025-12-15T18:58:35.419Z"}
{"level":"info","message":"::1 - - [15/Dec/2025:18:58:35 +0000] \"DELETE /users/16 HTTP/1.1\" 204 - \"-\" \"PostmanRuntime/7.49.1\"","timestamp":"2025-12-15T18:58:35.440Z"}
{"level":"info","message":{"method":"POST","path":"/users","requestId":"e882ed5c-f9da-4068-92e0-09eda7aa462c","time":"2025-12-15T18:59:24.021Z"},"timestamp":"2025-12-15T18:59:24.021Z"}
{"level":"info","message":"::1 - - [15/Dec/2025:18:59:24 +0000] \"POST /users HTTP/1.1\" 201 154 \"-\" \"PostmanRuntime/7.49.1\"","timestamp":"2025-12-15T18:59:24.292Z"}
{"level":"info","message":{"method":"POST","path":"/users","requestId":"be1e6d62-fa08-4f26-87c0-22a7bf4e3f06","time":"2025-12-15T19:00:21.861Z"},"timestamp":"2025-12-15T19:00:21.861Z"}
{"level":"info","message":"::1 - - [15/Dec/2025:19:00:22 +0000] \"POST /users HTTP/1.1\" 500 84 \"-\" \"PostmanRuntime/7.49.1\"","timestamp":"2025-12-15T19:00:22.077Z"}
{"level":"info","message":{"method":"DELETE","path":"/users/18","requestId":"b4ea568a-6ece-4f69-bfcd-3b2f94f6beba","time":"2025-12-15T19:00:38.861Z"},"timestamp":"2025-12-15T19:00:38.861Z"}
{"level":"info","message":"::1 - - [15/Dec/2025:19:00:39 +0000] \"DELETE /users/18 HTTP/1.1\" 404 26 \"-\" \"PostmanRuntime/7.49.1\"","timestamp":"2025-12-15T19:00:39.100Z"}
{"level":"info","message":{"method":"DELETE","path":"/users/17","requestId":"afea8e99-dc2a-429c-a62f-b3c42932458d","time":"2025-12-15T19:00:42.370Z"},"timestamp":"2025-12-15T19:00:42.370Z"}
{"level":"info","message":"::1 - - [15/Dec/2025:19:00:42 +0000] \"DELETE /users/17 HTTP/1.1\" 204 - \"-\" \"PostmanRuntime/7.49.1\"","timestamp":"2025-12-15T19:00:42.389Z"}
{"level":"info","message":{"method":"POST","path":"/users","requestId":"59ebc9b8-baca-4787-a263-dd49182af802","time":"2025-12-15T19:00:49.201Z"},"timestamp":"2025-12-15T19:00:49.202Z"}
{"level":"info","message":"::1 - - [15/Dec/2025:19:00:49 +0000] \"POST /users HTTP/1.1\" 201 154 \"-\" \"PostmanRuntime/7.49.1\"","timestamp":"2025-12-15T19:00:49.329Z"}
{"level":"info","message":{"method":"DELETE","path":"/users/19","requestId":"f29e5c5e-5f32-4709-ac61-275987230b48","time":"2025-12-15T19:04:19.447Z"},"timestamp":"2025-12-15T19:04:19.449Z"}
{"level":"info","message":"::1 - - [15/Dec/2025:19:04:19 +0000] \"DELETE /users/19 HTTP/1.1\" 204 - \"-\" \"PostmanRuntime/7.49.1\"","timestamp":"2025-12-15T19:04:19.770Z"}
{"level":"info","message":{"method":"POST","path":"/users","requestId":"a9fff7ee-d9ba-42b9-b7d9-6e963915b5cd","time":"2025-12-15T19:04:24.301Z"},"timestamp":"2025-12-15T19:04:24.301Z"}
{"level":"info","message":"::1 - - [15/Dec/2025:19:04:24 +0000] \"POST /users HTTP/1.1\" 201 154 \"-\" \"PostmanRuntime/7.49.1\"","timestamp":"2025-12-15T19:04:24.416Z"}
{"level":"info","message":{"method":"DELETE","path":"/users/20","requestId":"910da499-2927-4577-afb3-1063d641a165","time":"2025-12-15T19:05:11.553Z"},"timestamp":"2025-12-15T19:05:11.555Z"}
{"level":"info","message":"::1 - - [15/Dec/2025:19:05:11 +0000] \"DELETE /users/20 HTTP/1.1\" 204 - \"-\" \"PostmanRuntime/7.49.1\"","timestamp":"2025-12-15T19:05:11.987Z"}
{"level":"info","message":{"method":"POST","path":"/users","requestId":"04a07afb-8230-410d-b140-82231186ea13","time":"2025-12-15T19:05:16.980Z"},"timestamp":"2025-12-15T19:05:16.980Z"}
{"level":"info","message":"::1 - - [15/Dec/2025:19:05:17 +0000] \"POST /users HTTP/1.1\" 201 154 \"-\" \"PostmanRuntime/7.49.1\"","timestamp":"2025-12-15T19:05:17.081Z"}
{"level":"info","message":{"method":"DELETE","path":"/users/21","requestId":"9de83eec-6183-485a-8015-d455b097c7cd","time":"2025-12-15T19:07:13.558Z"},"timestamp":"2025-12-15T19:07:13.559Z"}
{"level":"info","message":"::1 - - [15/Dec/2025:19:07:13 +0000] \"DELETE /users/21 HTTP/1.1\" 204 - \"-\" \"PostmanRuntime/7.49.1\"","timestamp":"2025-12-15T19:07:13.940Z"}
{"level":"info","message":{"method":"POST","path":"/users","requestId":"34c0bdb7-518b-4359-adb3-0e7ad3e13899","time":"2025-12-15T19:07:18.544Z"},"timestamp":"2025-12-15T19:07:18.544Z"}
{"level":"info","message":"::1 - - [15/Dec/2025:19:07:18 +0000] \"POST /users HTTP/1.1\" 201 154 \"-\" \"PostmanRuntime/7.49.1\"","timestamp":"2025-12-15T19:07:18.634Z"}
{"level":"info","message":{"method":"GET","path":"/users","requestId":"1650bb12-8f09-45d4-b0f7-1d369dc6b063","time":"2025-12-16T14:05:08.218Z"},"timestamp":"2025-12-16T14:05:08.222Z"}
{"level":"info","message":"::1 - - [16/Dec/2025:14:05:08 +0000] \"GET /users HTTP/1.1\" 200 1129 \"-\" \"PostmanRuntime/7.51.0\"","timestamp":"2025-12-16T14:05:08.722Z"}
{"level":"info","message":{"method":"DELETE","path":"/users/22","requestId":"a1d7da09-ab4a-412e-864a-a9a2c5dac234","time":"2025-12-16T14:05:56.954Z"},"timestamp":"2025-12-16T14:05:56.954Z"}
{"level":"info","message":"::1 - - [16/Dec/2025:14:05:57 +0000] \"DELETE /users/22 HTTP/1.1\" 204 - \"-\" \"PostmanRuntime/7.51.0\"","timestamp":"2025-12-16T14:05:57.132Z"}
{"level":"info","message":{"method":"POST","path":"/users","requestId":"b8db56b0-ce7f-4ce1-9257-c9b54bc453ca","time":"2025-12-16T14:06:04.045Z"},"timestamp":"2025-12-16T14:06:04.045Z"}
{"level":"info","message":"::1 - - [16/Dec/2025:14:06:04 +0000] \"POST /users HTTP/1.1\" 500 84 \"-\" \"PostmanRuntime/7.51.0\"","timestamp":"2025-12-16T14:06:04.178Z"}
{"level":"info","message":{"method":"POST","path":"/users","requestId":"427ef162-9956-4f12-a6ed-f7f8969b5cbd","time":"2025-12-16T14:07:28.143Z"},"timestamp":"2025-12-16T14:07:28.145Z"}
{"level":"info","message":"::1 - - [16/Dec/2025:14:07:28 +0000] \"POST /users HTTP/1.1\" 500 84 \"-\" \"PostmanRuntime/7.51.0\"","timestamp":"2025-12-16T14:07:28.610Z"}
{"level":"info","message":{"method":"POST","path":"/users","requestId":"a114ac9f-e067-4031-8e03-3e4b338a2237","time":"2025-12-16T14:08:36.832Z"},"timestamp":"2025-12-16T14:08:36.837Z"}
{"level":"info","message":"::1 - - [16/Dec/2025:14:08:37 +0000] \"POST /users HTTP/1.1\" 201 - \"-\" \"PostmanRuntime/7.51.0\"","timestamp":"2025-12-16T14:08:37.432Z"}
{"level":"info","message":{"method":"POST","path":"/users","requestId":"7cae038f-88c9-4110-af33-313f092abfef","time":"2025-12-16T14:09:47.943Z"},"timestamp":"2025-12-16T14:09:47.944Z"}
{"level":"info","message":"::1 - - [16/Dec/2025:14:09:48 +0000] \"POST /users HTTP/1.1\" 201 - \"-\" \"PostmanRuntime/7.51.0\"","timestamp":"2025-12-16T14:09:48.233Z"}
{"level":"info","message":{"method":"GET","path":"/users","requestId":"12184321-b032-43e7-9f40-d8a5b5c3b11f","time":"2025-12-16T14:10:08.265Z"},"timestamp":"2025-12-16T14:10:08.265Z"}
{"level":"info","message":"::1 - - [16/Dec/2025:14:10:08 +0000] \"GET /users HTTP/1.1\" 200 1302 \"-\" \"PostmanRuntime/7.51.0\"","timestamp":"2025-12-16T14:10:08.401Z"}
{"level":"info","message":{"method":"DELETE","path":"/users/26","requestId":"bcef96f8-15c1-4e99-9fce-0134c4dce3a6","time":"2025-12-16T14:10:30.223Z"},"timestamp":"2025-12-16T14:10:30.223Z"}
{"level":"info","message":"::1 - - [16/Dec/2025:14:10:30 +0000] \"DELETE /users/26 HTTP/1.1\" 204 - \"-\" \"PostmanRuntime/7.51.0\"","timestamp":"2025-12-16T14:10:30.357Z"}
{"level":"info","message":{"method":"GET","path":"/users","requestId":"97302d0f-653e-432e-9d44-750c50af562d","time":"2025-12-16T14:10:36.233Z"},"timestamp":"2025-12-16T14:10:36.233Z"}
{"level":"info","message":"::1 - - [16/Dec/2025:14:10:36 +0000] \"GET /users HTTP/1.1\" 200 1129 \"-\" \"PostmanRuntime/7.51.0\"","timestamp":"2025-12-16T14:10:36.245Z"}
{"level":"info","message":{"method":"POST","path":"/users","requestId":"02822f0e-990a-4bb0-87ae-45fd56e7d080","time":"2025-12-16T14:11:24.042Z"},"timestamp":"2025-12-16T14:11:24.045Z"}
{"level":"info","message":"::1 - - [16/Dec/2025:14:11:24 +0000] \"POST /users HTTP/1.1\" 500 84 \"-\" \"PostmanRuntime/7.51.0\"","timestamp":"2025-12-16T14:11:24.536Z"}
{"level":"info","message":{"method":"POST","path":"/users","requestId":"2c4322ce-dfab-4aca-9142-3be6d7b26f8c","time":"2025-12-16T14:11:30.927Z"},"timestamp":"2025-12-16T14:11:30.927Z"}
{"level":"info","message":"::1 - - [16/Dec/2025:14:11:31 +0000] \"POST /users HTTP/1.1\" 500 84 \"-\" \"PostmanRuntime/7.51.0\"","timestamp":"2025-12-16T14:11:31.010Z"}
{"level":"info","message":{"method":"GET","path":"/users","requestId":"cd02fef6-541c-4814-a2ce-eca0580320e4","time":"2025-12-16T14:11:49.801Z"},"timestamp":"2025-12-16T14:11:49.804Z"}
{"level":"info","message":"::1 - - [16/Dec/2025:14:11:50 +0000] \"GET /users HTTP/1.1\" 200 1476 \"-\" \"PostmanRuntime/7.51.0\"","timestamp":"2025-12-16T14:11:50.158Z"}
{"level":"info","message":{"method":"POST","path":"/users","requestId":"c30a8493-7761-45c9-87ca-021ef9d74a59","time":"2025-12-16T14:12:05.595Z"},"timestamp":"2025-12-16T14:12:05.596Z"}
{"level":"info","message":"::1 - - [16/Dec/2025:14:12:05 +0000] \"POST /users HTTP/1.1\" 201 - \"-\" \"PostmanRuntime/7.51.0\"","timestamp":"2025-12-16T14:12:05.813Z"}
{"level":"info","message":{"method":"POST","path":"/users","requestId":"cd6a39d4-f94d-4a57-834a-e7b6c387c73c","time":"2025-12-16T14:15:11.316Z"},"timestamp":"2025-12-16T14:15:11.318Z"}
{"level":"info","message":"::1 - - [16/Dec/2025:14:15:11 +0000] \"POST /users HTTP/1.1\" 201 - \"-\" \"PostmanRuntime/7.51.0\"","timestamp":"2025-12-16T14:15:11.996Z"}
{"level":"info","message":{"method":"POST","path":"/users","requestId":"61298f9a-339c-4c62-bc87-03b2ec7c65d2","time":"2025-12-16T14:15:55.181Z"},"timestamp":"2025-12-16T14:15:55.183Z"}
{"level":"info","message":"::1 - - [16/Dec/2025:14:15:55 +0000] \"POST /users HTTP/1.1\" 201 264 \"-\" \"PostmanRuntime/7.51.0\"","timestamp":"2025-12-16T14:15:55.741Z"}
{"level":"info","message":{"method":"POST","path":"/sessions","requestId":"2916f09a-83d4-491c-b8cf-23889806244b","time":"2025-12-17T16:47:32.410Z"},"timestamp":"2025-12-17T16:47:32.412Z"}
{"level":"info","message":"::ffff:127.0.0.1 - - [17/Dec/2025:16:47:32 +0000] \"POST /sessions HTTP/1.1\" 200 237 \"-\" \"-\"","timestamp":"2025-12-17T16:47:32.451Z"}
{"level":"info","message":{"method":"GET","path":"/customers","requestId":"017c1418-4cc3-4e28-b451-9022bc67fa6d","time":"2025-12-17T16:47:33.332Z"},"timestamp":"2025-12-17T16:47:33.332Z"}
{"level":"info","message":"::ffff:127.0.0.1 - - [17/Dec/2025:16:47:33 +0000] \"GET /customers HTTP/1.1\" 200 2 \"-\" \"-\"","timestamp":"2025-12-17T16:47:33.360Z"}
{"level":"info","message":{"method":"POST","path":"/customers","requestId":"d6746755-6cb8-42b1-bf46-559e834ead72","time":"2025-12-17T16:47:33.375Z"},"timestamp":"2025-12-17T16:47:33.375Z"}
{"level":"info","message":"::ffff:127.0.0.1 - - [17/Dec/2025:16:47:33 +0000] \"POST /customers HTTP/1.1\" 201 155 \"-\" \"-\"","timestamp":"2025-12-17T16:47:33.385Z"}
{"level":"info","message":{"method":"GET","path":"/customers","requestId":"9450508d-7780-45bc-beca-be4001b8ec5e","time":"2025-12-17T16:49:14.976Z"},"timestamp":"2025-12-17T16:49:14.977Z"}
{"level":"info","message":"::ffff:127.0.0.1 - - [17/Dec/2025:16:49:15 +0000] \"GET /customers HTTP/1.1\" 200 2 \"-\" \"-\"","timestamp":"2025-12-17T16:49:15.000Z"}
{"level":"info","message":{"method":"POST","path":"/customers","requestId":"c3fbf375-1332-4039-94a7-fb04ed7ef4ac","time":"2025-12-17T16:49:15.026Z"},"timestamp":"2025-12-17T16:49:15.026Z"}
{"level":"info","message":"::ffff:127.0.0.1 - - [17/Dec/2025:16:49:15 +0000] \"POST /customers HTTP/1.1\" 201 155 \"-\" \"-\"","timestamp":"2025-12-17T16:49:15.046Z"}
{"level":"info","message":{"method":"POST","path":"/sessions","requestId":"68534aa9-641e-41b0-8abe-3bf381a35049","time":"2025-12-17T16:49:16.463Z"},"timestamp":"2025-12-17T16:49:16.463Z"}
{"level":"info","message":"::ffff:127.0.0.1 - - [17/Dec/2025:16:49:16 +0000] \"POST /sessions HTTP/1.1\" 200 237 \"-\" \"-\"","timestamp":"2025-12-17T16:49:16.499Z"}
{"level":"info","message":{"method":"GET","path":"/customers","requestId":"87d7fc0c-7e92-4fbc-a703-ab65a7f73eb6","time":"2025-12-17T17:01:49.459Z"},"timestamp":"2025-12-17T17:01:49.461Z"}
{"level":"info","message":"::ffff:127.0.0.1 - - [17/Dec/2025:17:01:49 +0000] \"GET /customers HTTP/1.1\" 200 2 \"-\" \"-\"","timestamp":"2025-12-17T17:01:49.484Z"}
{"level":"info","message":{"method":"POST","path":"/customers","requestId":"7b1f11e8-6a05-48fa-a140-8bc16055602c","time":"2025-12-17T17:01:49.523Z"},"timestamp":"2025-12-17T17:01:49.523Z"}
{"level":"info","message":"::ffff:127.0.0.1 - - [17/Dec/2025:17:01:49 +0000] \"POST /customers HTTP/1.1\" 201 155 \"-\" \"-\"","timestamp":"2025-12-17T17:01:49.534Z"}
{"level":"info","message":{"method":"POST","path":"/sessions","requestId":"2f2360f7-6c96-4d33-b427-b62e634205ba","time":"2025-12-17T17:01:50.964Z"},"timestamp":"2025-12-17T17:01:50.964Z"}
{"level":"info","message":"::ffff:127.0.0.1 - - [17/Dec/2025:17:01:50 +0000] \"POST /sessions HTTP/1.1\" 200 237 \"-\" \"-\"","timestamp":"2025-12-17T17:01:50.990Z"}
{"level":"info","message":{"method":"GET","path":"/customers","requestId":"33d1f501-6b17-4a5b-93c6-f8d2175e03e7","time":"2025-12-17T17:02:34.784Z"},"timestamp":"2025-12-17T17:02:34.785Z"}
{"level":"info","message":"::ffff:127.0.0.1 - - [17/Dec/2025:17:02:34 +0000] \"GET /customers HTTP/1.1\" 200 2 \"-\" \"-\"","timestamp":"2025-12-17T17:02:34.823Z"}
{"level":"info","message":{"method":"POST","path":"/customers","requestId":"87b69ed5-094c-44e2-a251-63f7413c1a89","time":"2025-12-17T17:02:34.867Z"},"timestamp":"2025-12-17T17:02:34.867Z"}
{"level":"info","message":"::ffff:127.0.0.1 - - [17/Dec/2025:17:02:34 +0000] \"POST /customers HTTP/1.1\" 201 155 \"-\" \"-\"","timestamp":"2025-12-17T17:02:34.882Z"}
{"level":"info","message":{"method":"POST","path":"/sessions","requestId":"d5e11e6a-1152-4604-b2ac-1f7914d51682","time":"2025-12-17T17:02:36.289Z"},"timestamp":"2025-12-17T17:02:36.289Z"}
{"level":"info","message":"::ffff:127.0.0.1 - - [17/Dec/2025:17:02:36 +0000] \"POST /sessions HTTP/1.1\" 200 237 \"-\" \"-\"","timestamp":"2025-12-17T17:02:36.347Z"}
{"level":"info","message":{"method":"GET","path":"/customers","requestId":"29c775ef-e474-454d-be08-46d4ae58c9d8","time":"2025-12-17T17:06:24.605Z"},"timestamp":"2025-12-17T17:06:24.608Z"}
{"level":"info","message":"::ffff:127.0.0.1 - - [17/Dec/2025:17:06:24 +0000] \"GET /customers HTTP/1.1\" 200 2 \"-\" \"-\"","timestamp":"2025-12-17T17:06:24.655Z"}
{"level":"info","message":{"method":"POST","path":"/customers","requestId":"793c0167-d3f9-4a51-9cbd-446bf83f3f4b","time":"2025-12-17T17:06:24.680Z"},"timestamp":"2025-12-17T17:06:24.680Z"}
{"level":"info","message":"::ffff:127.0.0.1 - - [17/Dec/2025:17:06:24 +0000] \"POST /customers HTTP/1.1\" 201 155 \"-\" \"-\"","timestamp":"2025-12-17T17:06:24.691Z"}
{"level":"info","message":{"method":"POST","path":"/sessions","requestId":"b70bb6d2-1433-44fd-9d8b-c6fbfb5d6b66","time":"2025-12-17T17:06:25.541Z"},"timestamp":"2025-12-17T17:06:25.541Z"}
{"level":"info","message":"::ffff:127.0.0.1 - - [17/Dec/2025:17:06:25 +0000] \"POST /sessions HTTP/1.1\" 200 237 \"-\" \"-\"","timestamp":"2025-12-17T17:06:25.576Z"}
{"level":"info","message":{"method":"GET","path":"/customers","requestId":"5f6f3345-3080-42f3-b0b9-4546f2846f87","time":"2025-12-17T17:09:07.428Z"},"timestamp":"2025-12-17T17:09:07.429Z"}
{"level":"info","message":"::ffff:127.0.0.1 - - [17/Dec/2025:17:09:07 +0000] \"GET /customers HTTP/1.1\" 200 2 \"-\" \"-\"","timestamp":"2025-12-17T17:09:07.454Z"}
{"level":"info","message":{"method":"POST","path":"/customers","requestId":"f28ebfd4-d3c4-4faf-a46d-39c56e72aa4f","time":"2025-12-17T17:09:07.490Z"},"timestamp":"2025-12-17T17:09:07.490Z"}
{"level":"info","message":"::ffff:127.0.0.1 - - [17/Dec/2025:17:09:07 +0000] \"POST /customers HTTP/1.1\" 201 155 \"-\" \"-\"","timestamp":"2025-12-17T17:09:07.505Z"}
{"level":"info","message":{"method":"POST","path":"/sessions","requestId":"66cb3df3-4582-4dd8-9e9e-3ee6de8e6fc4","time":"2025-12-17T17:09:08.223Z"},"timestamp":"2025-12-17T17:09:08.223Z"}
{"level":"info","message":"::ffff:127.0.0.1 - - [17/Dec/2025:17:09:08 +0000] \"POST /sessions HTTP/1.1\" 200 237 \"-\" \"-\"","timestamp":"2025-12-17T17:09:08.253Z"}
{"level":"info","message":{"method":"GET","path":"/customers","requestId":"da0a6cfb-a51e-4027-abdc-8b924ba526ad","time":"2025-12-17T17:25:04.854Z"},"timestamp":"2025-12-17T17:25:04.856Z"}
{"level":"info","message":"::ffff:127.0.0.1 - - [17/Dec/2025:17:25:04 +0000] \"GET /customers HTTP/1.1\" 200 2 \"-\" \"-\"","timestamp":"2025-12-17T17:25:04.891Z"}
{"level":"info","message":{"method":"POST","path":"/customers","requestId":"a023ada7-bfa5-43eb-b705-382cdd3a6d82","time":"2025-12-17T17:25:04.938Z"},"timestamp":"2025-12-17T17:25:04.938Z"}
{"level":"info","message":"::ffff:127.0.0.1 - - [17/Dec/2025:17:25:04 +0000] \"POST /customers HTTP/1.1\" 201 155 \"-\" \"-\"","timestamp":"2025-12-17T17:25:04.952Z"}
{"level":"info","message":{"method":"POST","path":"/sessions","requestId":"5058300a-419b-4af7-91f3-be550f8375c9","time":"2025-12-17T17:25:06.709Z"},"timestamp":"2025-12-17T17:25:06.709Z"}
{"level":"info","message":"::ffff:127.0.0.1 - - [17/Dec/2025:17:25:06 +0000] \"POST /sessions HTTP/1.1\" 200 237 \"-\" \"-\"","timestamp":"2025-12-17T17:25:06.741Z"}
{"level":"info","message":{"method":"GET","path":"/customers","requestId":"d73a9450-0c24-4ef5-baeb-af2ccc897eb1","time":"2025-12-17T17:36:10.621Z"},"timestamp":"2025-12-17T17:36:10.622Z"}
{"level":"info","message":"::ffff:127.0.0.1 - - [17/Dec/2025:17:36:10 +0000] \"GET /customers HTTP/1.1\" 200 2 \"-\" \"-\"","timestamp":"2025-12-17T17:36:10.645Z"}
{"level":"info","message":{"method":"POST","path":"/customers","requestId":"2d3d951c-e045-4066-8792-77ec398e78da","time":"2025-12-17T17:36:10.669Z"},"timestamp":"2025-12-17T17:36:10.669Z"}
{"level":"info","message":"::ffff:127.0.0.1 - - [17/Dec/2025:17:36:10 +0000] \"POST /customers HTTP/1.1\" 201 155 \"-\" \"-\"","timestamp":"2025-12-17T17:36:10.680Z"}
{"level":"info","message":{"method":"POST","path":"/sessions","requestId":"d1d8b5a6-0e07-4d3c-a8b6-45175de26a2e","time":"2025-12-17T17:36:11.536Z"},"timestamp":"2025-12-17T17:36:11.536Z"}
{"level":"info","message":"::ffff:127.0.0.1 - - [17/Dec/2025:17:36:11 +0000] \"POST /sessions HTTP/1.1\" 200 237 \"-\" \"-\"","timestamp":"2025-12-17T17:36:11.574Z"}
{"level":"info","message":{"method":"GET","path":"/customers","requestId":"9a4965e0-a46d-43ab-b379-702360fad1e4","time":"2025-12-17T17:36:51.862Z"},"timestamp":"2025-12-17T17:36:51.864Z"}
{"level":"info","message":"::ffff:127.0.0.1 - - [17/Dec/2025:17:36:51 +0000] \"GET /customers HTTP/1.1\" 200 2 \"-\" \"-\"","timestamp":"2025-12-17T17:36:51.886Z"}
{"level":"info","message":{"method":"POST","path":"/customers","requestId":"e392ffeb-67be-4144-a27b-1a6183ad2b10","time":"2025-12-17T17:36:51.909Z"},"timestamp":"2025-12-17T17:36:51.909Z"}
{"level":"info","message":"::ffff:127.0.0.1 - - [17/Dec/2025:17:36:51 +0000] \"POST /customers HTTP/1.1\" 201 155 \"-\" \"-\"","timestamp":"2025-12-17T17:36:51.919Z"}
{"level":"info","message":{"method":"POST","path":"/sessions","requestId":"13d6ddca-256c-4584-9f81-928f56022fa9","time":"2025-12-17T17:36:52.632Z"},"timestamp":"2025-12-17T17:36:52.632Z"}
{"level":"info","message":"::ffff:127.0.0.1 - - [17/Dec/2025:17:36:52 +0000] \"POST /sessions HTTP/1.1\" 200 237 \"-\" \"-\"","timestamp":"2025-12-17T17:36:52.667Z"}
